<?xml version="1.0" encoding="UTF-8"?>
<testng-results skipped="0" failed="0" ignored="0" total="1" passed="1">
  <reporter-output>
  </reporter-output>
  <suite name="Default suite" duration-ms="56" started-at="2020-04-16T18:00:00 IST" finished-at="2020-04-16T18:00:00 IST">
    <groups>
    </groups>
    <test name="Default test" duration-ms="56" started-at="2020-04-16T18:00:00 IST" finished-at="2020-04-16T18:00:00 IST">
      <class name="SeleniumPackage.NGConcept">
        <test-method status="PASS" signature="setUp()[pri:0, instance:SeleniumPackage.NGConcept@3b94d659]" name="setUp" is-config="true" duration-ms="13" started-at="2020-04-16T18:00:00 IST" finished-at="2020-04-16T18:00:00 IST">
          <reporter-output>
          </reporter-output>
        </test-method> <!-- setUp -->
        <test-method status="PASS" signature="login()[pri:0, instance:SeleniumPackage.NGConcept@3b94d659]" name="login" is-config="true" duration-ms="0" started-at="2020-04-16T18:00:00 IST" finished-at="2020-04-16T18:00:00 IST">
          <reporter-output>
          </reporter-output>
        </test-method> <!-- login -->
        <test-method status="PASS" signature="lanunchBrowser()[pri:0, instance:SeleniumPackage.NGConcept@3b94d659]" name="lanunchBrowser" is-config="true" duration-ms="0" started-at="2020-04-16T18:00:00 IST" finished-at="2020-04-16T18:00:00 IST">
          <reporter-output>
          </reporter-output>
        </test-method> <!-- lanunchBrowser -->
        <test-method status="PASS" signature="enterURL()[pri:0, instance:SeleniumPackage.NGConcept@3b94d659]" name="enterURL" is-config="true" duration-ms="0" started-at="2020-04-16T18:00:00 IST" finished-at="2020-04-16T18:00:00 IST">
          <reporter-output>
          </reporter-output>
        </test-method> <!-- enterURL -->
        <test-method status="PASS" signature="googleTitleTest()[pri:0, instance:SeleniumPackage.NGConcept@3b94d659]" name="googleTitleTest" duration-ms="9" started-at="2020-04-16T18:00:00 IST" finished-at="2020-04-16T18:00:00 IST">
          <reporter-output>
          </reporter-output>
        </test-method> <!-- googleTitleTest -->
        <test-method status="PASS" signature="logOut()[pri:0, instance:SeleniumPackage.NGConcept@3b94d659]" name="logOut" is-config="true" duration-ms="0" started-at="2020-04-16T18:00:00 IST" finished-at="2020-04-16T18:00:00 IST">
          <reporter-output>
          </reporter-output>
        </test-method> <!-- logOut -->
        <test-method status="PASS" signature="classBrowser()[pri:0, instance:SeleniumPackage.NGConcept@3b94d659]" name="classBrowser" is-config="true" duration-ms="1" started-at="2020-04-16T18:00:00 IST" finished-at="2020-04-16T18:00:00 IST">
          <reporter-output>
          </reporter-output>
        </test-method> <!-- classBrowser -->
        <test-method status="PASS" signature="deleteAllcookies()[pri:0, instance:SeleniumPackage.NGConcept@3b94d659]" name="deleteAllcookies" is-config="true" duration-ms="1" started-at="2020-04-16T18:00:00 IST" finished-at="2020-04-16T18:00:00 IST">
          <reporter-output>
          </reporter-output>
        </test-method> <!-- deleteAllcookies -->
        <test-method status="PASS" signature="generateTestReport()[pri:0, instance:SeleniumPackage.NGConcept@3b94d659]" name="generateTestReport" is-config="true" duration-ms="0" started-at="2020-04-16T18:00:00 IST" finished-at="2020-04-16T18:00:00 IST">
          <reporter-output>
          </reporter-output>
        </test-method> <!-- generateTestReport -->
      </class> <!-- SeleniumPackage.NGConcept -->
    </test> <!-- Default test -->
  </suite> <!-- Default suite -->
</testng-results>
